


ARM Macro Assembler    Page 1 


    1 00000000         ;******************** (C) COPYRIGHT 2013 STMicroelectron
                       ics ********************
    2 00000000         ;* File Name          : startup_stm32l1xx_md.s
    3 00000000         ;* Author             : MCD Application Team
    4 00000000         ;* Version            : V1.2.0
    5 00000000         ;* Date               : 22-February-2013
    6 00000000         ;* Description        : STM32L1xx Ultra Low Power Medium
                       -density Devices vector 
    7 00000000         ;*                      table for MDK-ARM toolchain.
    8 00000000         ;*                      This module performs:
    9 00000000         ;*                      - Set the initial SP
   10 00000000         ;*                      - Set the initial PC == Reset_Ha
                       ndler
   11 00000000         ;*                      - Set the vector table entries w
                       ith the exceptions ISR address
   12 00000000         ;*                      - Branches to __main in the C li
                       brary (which eventually
   13 00000000         ;*                        calls main()).
   14 00000000         ;*                      After Reset the CortexM3 process
                       or is in Thread mode,
   15 00000000         ;*                      priority is Privileged, and the 
                       Stack is set to Main.
   16 00000000         ;* <<< Use Configuration Wizard in Context Menu >>>   
   17 00000000         ;*******************************************************
                       ************************
   18 00000000         ; 
   19 00000000         ; Licensed under MCD-ST Liberty SW License Agreement V2,
                        (the "License");
   20 00000000         ; You may not use this file except in compliance with th
                       e License.
   21 00000000         ; You may obtain a copy of the License at:
   22 00000000         ; 
   23 00000000         ;        http://www.st.com/software_license_agreement_li
                       berty_v2
   24 00000000         ; 
   25 00000000         ; Unless required by applicable law or agreed to in writ
                       ing, software 
   26 00000000         ; distributed under the License is distributed on an "AS
                        IS" BASIS, 
   27 00000000         ; WITHOUT WARRANTIES OR CONDITIONS OF ANY KIND, either e
                       xpress or implied.
   28 00000000         ; See the License for the specific language governing pe
                       rmissions and
   29 00000000         ; limitations under the License.
   30 00000000         ; 
   31 00000000         ;*******************************************************
                       ************************
   32 00000000         
   33 00000000         ; Amount of memory (in bytes) allocated for Stack
   34 00000000         ; Tailor this value to your application needs
   35 00000000         ; <h> Stack Configuration
   36 00000000         ;   <o> Stack Size (in Bytes) <0x0-0xFFFFFFFF:8>
   37 00000000         ; </h>
   38 00000000         
   39 00000000 00000400 
                       Stack_Size
                               EQU              0x00000400
   40 00000000         
   41 00000000                 AREA             STACK, NOINIT, READWRITE, ALIGN



ARM Macro Assembler    Page 2 


=3
   42 00000000         Stack_Mem
                               SPACE            Stack_Size
   43 00000400         __initial_sp
   44 00000400         
   45 00000400         
   46 00000400         ; <h> Heap Configuration
   47 00000400         ;   <o>  Heap Size (in Bytes) <0x0-0xFFFFFFFF:8>
   48 00000400         ; </h>
   49 00000400         
   50 00000400 00000200 
                       Heap_Size
                               EQU              0x00000200
   51 00000400         
   52 00000400                 AREA             HEAP, NOINIT, READWRITE, ALIGN=
3
   53 00000000         __heap_base
   54 00000000         Heap_Mem
                               SPACE            Heap_Size
   55 00000200         __heap_limit
   56 00000200         
   57 00000200                 PRESERVE8
   58 00000200                 THUMB
   59 00000200         
   60 00000200         
   61 00000200         ; Vector Table Mapped to Address 0 at Reset
   62 00000200                 AREA             RESET, DATA, READONLY
   63 00000000                 EXPORT           __Vectors
   64 00000000                 EXPORT           __Vectors_End
   65 00000000                 EXPORT           __Vectors_Size
   66 00000000         
   67 00000000 00000000 
                       __Vectors
                               DCD              __initial_sp ; Top of Stack
   68 00000004 00000000        DCD              Reset_Handler ; Reset Handler
   69 00000008 00000000        DCD              NMI_Handler ; NMI Handler
   70 0000000C 00000000        DCD              HardFault_Handler ; Hard Fault 
                                                            Handler
   71 00000010 00000000        DCD              MemManage_Handler 
                                                            ; MPU Fault Handler
                                                            
   72 00000014 00000000        DCD              BusFault_Handler 
                                                            ; Bus Fault Handler
                                                            
   73 00000018 00000000        DCD              UsageFault_Handler ; Usage Faul
                                                            t Handler
   74 0000001C 00000000        DCD              0           ; Reserved
   75 00000020 00000000        DCD              0           ; Reserved
   76 00000024 00000000        DCD              0           ; Reserved
   77 00000028 00000000        DCD              0           ; Reserved
   78 0000002C 00000000        DCD              SVC_Handler ; SVCall Handler
   79 00000030 00000000        DCD              DebugMon_Handler ; Debug Monito
                                                            r Handler
   80 00000034 00000000        DCD              0           ; Reserved
   81 00000038 00000000        DCD              PendSV_Handler ; PendSV Handler
                                                            
   82 0000003C 00000000        DCD              SysTick_Handler 
                                                            ; SysTick Handler
   83 00000040         



ARM Macro Assembler    Page 3 


   84 00000040         ; External Interrupts
   85 00000040 00000000        DCD              WWDG_IRQHandler 
                                                            ; Window Watchdog
   86 00000044 00000000        DCD              PVD_IRQHandler ; PVD through EX
                                                            TI Line detect
   87 00000048 00000000        DCD              TAMPER_STAMP_IRQHandler ; Tampe
                                                            r and Time Stamp
   88 0000004C 00000000        DCD              RTC_WKUP_IRQHandler 
                                                            ; RTC Wakeup
   89 00000050 00000000        DCD              FLASH_IRQHandler ; FLASH
   90 00000054 00000000        DCD              RCC_IRQHandler ; RCC
   91 00000058 00000000        DCD              EXTI0_IRQHandler ; EXTI Line 0
   92 0000005C 00000000        DCD              EXTI1_IRQHandler ; EXTI Line 1
   93 00000060 00000000        DCD              EXTI2_IRQHandler ; EXTI Line 2
   94 00000064 00000000        DCD              EXTI3_IRQHandler ; EXTI Line 3
   95 00000068 00000000        DCD              EXTI4_IRQHandler ; EXTI Line 4
   96 0000006C 00000000        DCD              DMA1_Channel1_IRQHandler 
                                                            ; DMA1 Channel 1
   97 00000070 00000000        DCD              DMA1_Channel2_IRQHandler 
                                                            ; DMA1 Channel 2
   98 00000074 00000000        DCD              DMA1_Channel3_IRQHandler 
                                                            ; DMA1 Channel 3
   99 00000078 00000000        DCD              DMA1_Channel4_IRQHandler 
                                                            ; DMA1 Channel 4
  100 0000007C 00000000        DCD              DMA1_Channel5_IRQHandler 
                                                            ; DMA1 Channel 5
  101 00000080 00000000        DCD              DMA1_Channel6_IRQHandler 
                                                            ; DMA1 Channel 6
  102 00000084 00000000        DCD              DMA1_Channel7_IRQHandler 
                                                            ; DMA1 Channel 7
  103 00000088 00000000        DCD              ADC1_IRQHandler ; ADC1
  104 0000008C 00000000        DCD              USB_HP_IRQHandler 
                                                            ; USB High Priority
                                                            
  105 00000090 00000000        DCD              USB_LP_IRQHandler 
                                                            ; USB Low  Priority
                                                            
  106 00000094 00000000        DCD              DAC_IRQHandler ; DAC
  107 00000098 00000000        DCD              COMP_IRQHandler ; COMP through 
                                                            EXTI Line
  108 0000009C 00000000        DCD              EXTI9_5_IRQHandler 
                                                            ; EXTI Line 9..5
  109 000000A0 00000000        DCD              LCD_IRQHandler ; LCD
  110 000000A4 00000000        DCD              TIM9_IRQHandler ; TIM9
  111 000000A8 00000000        DCD              TIM10_IRQHandler ; TIM10
  112 000000AC 00000000        DCD              TIM11_IRQHandler ; TIM11
  113 000000B0 00000000        DCD              TIM2_IRQHandler ; TIM2
  114 000000B4 00000000        DCD              TIM3_IRQHandler ; TIM3
  115 000000B8 00000000        DCD              TIM4_IRQHandler ; TIM4
  116 000000BC 00000000        DCD              I2C1_EV_IRQHandler ; I2C1 Event
                                                            
  117 000000C0 00000000        DCD              I2C1_ER_IRQHandler ; I2C1 Error
                                                            
  118 000000C4 00000000        DCD              I2C2_EV_IRQHandler ; I2C2 Event
                                                            
  119 000000C8 00000000        DCD              I2C2_ER_IRQHandler ; I2C2 Error
                                                            
  120 000000CC 00000000        DCD              SPI1_IRQHandler ; SPI1
  121 000000D0 00000000        DCD              SPI2_IRQHandler ; SPI2



ARM Macro Assembler    Page 4 


  122 000000D4 00000000        DCD              USART1_IRQHandler ; USART1
  123 000000D8 00000000        DCD              USART2_IRQHandler ; USART2
  124 000000DC 00000000        DCD              USART3_IRQHandler ; USART3
  125 000000E0 00000000        DCD              EXTI15_10_IRQHandler 
                                                            ; EXTI Line 15..10
  126 000000E4 00000000        DCD              RTC_Alarm_IRQHandler ; RTC Alar
                                                            m through EXTI Line
                                                            
  127 000000E8 00000000        DCD              USB_FS_WKUP_IRQHandler ; USB FS
                                                             Wakeup from suspen
                                                            d
  128 000000EC 00000000        DCD              TIM6_IRQHandler ; TIM6
  129 000000F0 00000000        DCD              TIM7_IRQHandler ; TIM7
  130 000000F4         __Vectors_End
  131 000000F4         
  132 000000F4 000000F4 
                       __Vectors_Size
                               EQU              __Vectors_End - __Vectors
  133 000000F4         
  134 000000F4                 AREA             |.text|, CODE, READONLY
  135 00000000         
  136 00000000         ; Reset handler routine
  137 00000000         Reset_Handler
                               PROC
  138 00000000                 EXPORT           Reset_Handler             [WEAK
]
  139 00000000                 IMPORT           __main
  140 00000000                 IMPORT           SystemInit
  141 00000000 4806            LDR              R0, =SystemInit
  142 00000002 4780            BLX              R0
  143 00000004 4806            LDR              R0, =__main
  144 00000006 4700            BX               R0
  145 00000008                 ENDP
  146 00000008         
  147 00000008         ; Dummy Exception Handlers (infinite loops which can be 
                       modified)
  148 00000008         
  149 00000008         NMI_Handler
                               PROC
  150 00000008                 EXPORT           NMI_Handler                [WEA
K]
  151 00000008 E7FE            B                .
  152 0000000A                 ENDP
  154 0000000A         HardFault_Handler
                               PROC
  155 0000000A                 EXPORT           HardFault_Handler          [WEA
K]
  156 0000000A E7FE            B                .
  157 0000000C                 ENDP
  159 0000000C         MemManage_Handler
                               PROC
  160 0000000C                 EXPORT           MemManage_Handler          [WEA
K]
  161 0000000C E7FE            B                .
  162 0000000E                 ENDP
  164 0000000E         BusFault_Handler
                               PROC
  165 0000000E                 EXPORT           BusFault_Handler           [WEA
K]



ARM Macro Assembler    Page 5 


  166 0000000E E7FE            B                .
  167 00000010                 ENDP
  169 00000010         UsageFault_Handler
                               PROC
  170 00000010                 EXPORT           UsageFault_Handler         [WEA
K]
  171 00000010 E7FE            B                .
  172 00000012                 ENDP
  173 00000012         SVC_Handler
                               PROC
  174 00000012                 EXPORT           SVC_Handler                [WEA
K]
  175 00000012 E7FE            B                .
  176 00000014                 ENDP
  178 00000014         DebugMon_Handler
                               PROC
  179 00000014                 EXPORT           DebugMon_Handler           [WEA
K]
  180 00000014 E7FE            B                .
  181 00000016                 ENDP
  182 00000016         PendSV_Handler
                               PROC
  183 00000016                 EXPORT           PendSV_Handler             [WEA
K]
  184 00000016 E7FE            B                .
  185 00000018                 ENDP
  186 00000018         SysTick_Handler
                               PROC
  187 00000018                 EXPORT           SysTick_Handler            [WEA
K]
  188 00000018 E7FE            B                .
  189 0000001A                 ENDP
  190 0000001A         
  191 0000001A         Default_Handler
                               PROC
  192 0000001A         
  193 0000001A                 EXPORT           WWDG_IRQHandler            [WEA
K]
  194 0000001A                 EXPORT           PVD_IRQHandler             [WEA
K]
  195 0000001A                 EXPORT           TAMPER_STAMP_IRQHandler    [WEA
K]
  196 0000001A                 EXPORT           RTC_WKUP_IRQHandler        [WEA
K]
  197 0000001A                 EXPORT           FLASH_IRQHandler           [WEA
K]
  198 0000001A                 EXPORT           RCC_IRQHandler             [WEA
K]
  199 0000001A                 EXPORT           EXTI0_IRQHandler           [WEA
K]
  200 0000001A                 EXPORT           EXTI1_IRQHandler           [WEA
K]
  201 0000001A                 EXPORT           EXTI2_IRQHandler           [WEA
K]
  202 0000001A                 EXPORT           EXTI3_IRQHandler           [WEA
K]
  203 0000001A                 EXPORT           EXTI4_IRQHandler           [WEA
K]
  204 0000001A                 EXPORT           DMA1_Channel1_IRQHandler   [WEA



ARM Macro Assembler    Page 6 


K]
  205 0000001A                 EXPORT           DMA1_Channel2_IRQHandler   [WEA
K]
  206 0000001A                 EXPORT           DMA1_Channel3_IRQHandler   [WEA
K]
  207 0000001A                 EXPORT           DMA1_Channel4_IRQHandler   [WEA
K]
  208 0000001A                 EXPORT           DMA1_Channel5_IRQHandler   [WEA
K]
  209 0000001A                 EXPORT           DMA1_Channel6_IRQHandler   [WEA
K]
  210 0000001A                 EXPORT           DMA1_Channel7_IRQHandler   [WEA
K]
  211 0000001A                 EXPORT           ADC1_IRQHandler            [WEA
K]
  212 0000001A                 EXPORT           USB_HP_IRQHandler          [WEA
K]
  213 0000001A                 EXPORT           USB_LP_IRQHandler          [WEA
K]
  214 0000001A                 EXPORT           DAC_IRQHandler             [WEA
K]
  215 0000001A                 EXPORT           COMP_IRQHandler            [WEA
K]
  216 0000001A                 EXPORT           EXTI9_5_IRQHandler         [WEA
K]
  217 0000001A                 EXPORT           LCD_IRQHandler             [WEA
K]
  218 0000001A                 EXPORT           TIM9_IRQHandler            [WEA
K]
  219 0000001A                 EXPORT           TIM10_IRQHandler           [WEA
K]
  220 0000001A                 EXPORT           TIM11_IRQHandler           [WEA
K]
  221 0000001A                 EXPORT           TIM2_IRQHandler            [WEA
K]
  222 0000001A                 EXPORT           TIM3_IRQHandler            [WEA
K]
  223 0000001A                 EXPORT           TIM4_IRQHandler            [WEA
K]
  224 0000001A                 EXPORT           I2C1_EV_IRQHandler         [WEA
K]
  225 0000001A                 EXPORT           I2C1_ER_IRQHandler         [WEA
K]
  226 0000001A                 EXPORT           I2C2_EV_IRQHandler         [WEA
K]
  227 0000001A                 EXPORT           I2C2_ER_IRQHandler         [WEA
K]
  228 0000001A                 EXPORT           SPI1_IRQHandler            [WEA
K]
  229 0000001A                 EXPORT           SPI2_IRQHandler            [WEA
K]
  230 0000001A                 EXPORT           USART1_IRQHandler          [WEA
K]
  231 0000001A                 EXPORT           USART2_IRQHandler          [WEA
K]
  232 0000001A                 EXPORT           USART3_IRQHandler          [WEA
K]
  233 0000001A                 EXPORT           EXTI15_10_IRQHandler       [WEA
K]



ARM Macro Assembler    Page 7 


  234 0000001A                 EXPORT           RTC_Alarm_IRQHandler       [WEA
K]
  235 0000001A                 EXPORT           USB_FS_WKUP_IRQHandler     [WEA
K]
  236 0000001A                 EXPORT           TIM6_IRQHandler            [WEA
K]
  237 0000001A                 EXPORT           TIM7_IRQHandler            [WEA
K]
  238 0000001A         
  239 0000001A         WWDG_IRQHandler
  240 0000001A         PVD_IRQHandler
  241 0000001A         TAMPER_STAMP_IRQHandler
  242 0000001A         RTC_WKUP_IRQHandler
  243 0000001A         FLASH_IRQHandler
  244 0000001A         RCC_IRQHandler
  245 0000001A         EXTI0_IRQHandler
  246 0000001A         EXTI1_IRQHandler
  247 0000001A         EXTI2_IRQHandler
  248 0000001A         EXTI3_IRQHandler
  249 0000001A         EXTI4_IRQHandler
  250 0000001A         DMA1_Channel1_IRQHandler
  251 0000001A         DMA1_Channel2_IRQHandler
  252 0000001A         DMA1_Channel3_IRQHandler
  253 0000001A         DMA1_Channel4_IRQHandler
  254 0000001A         DMA1_Channel5_IRQHandler
  255 0000001A         DMA1_Channel6_IRQHandler
  256 0000001A         DMA1_Channel7_IRQHandler
  257 0000001A         ADC1_IRQHandler
  258 0000001A         USB_HP_IRQHandler
  259 0000001A         USB_LP_IRQHandler
  260 0000001A         DAC_IRQHandler
  261 0000001A         COMP_IRQHandler
  262 0000001A         EXTI9_5_IRQHandler
  263 0000001A         LCD_IRQHandler
  264 0000001A         TIM9_IRQHandler
  265 0000001A         TIM10_IRQHandler
  266 0000001A         TIM11_IRQHandler
  267 0000001A         TIM2_IRQHandler
  268 0000001A         TIM3_IRQHandler
  269 0000001A         TIM4_IRQHandler
  270 0000001A         I2C1_EV_IRQHandler
  271 0000001A         I2C1_ER_IRQHandler
  272 0000001A         I2C2_EV_IRQHandler
  273 0000001A         I2C2_ER_IRQHandler
  274 0000001A         SPI1_IRQHandler
  275 0000001A         SPI2_IRQHandler
  276 0000001A         USART1_IRQHandler
  277 0000001A         USART2_IRQHandler
  278 0000001A         USART3_IRQHandler
  279 0000001A         EXTI15_10_IRQHandler
  280 0000001A         RTC_Alarm_IRQHandler
  281 0000001A         USB_FS_WKUP_IRQHandler
  282 0000001A         TIM6_IRQHandler
  283 0000001A         TIM7_IRQHandler
  284 0000001A         
  285 0000001A E7FE            B                .
  286 0000001C         
  287 0000001C                 ENDP
  288 0000001C         



ARM Macro Assembler    Page 8 


  289 0000001C                 ALIGN
  290 0000001C         
  291 0000001C         ;*******************************************************
                       ************************
  292 0000001C         ; User Stack and Heap initialization
  293 0000001C         ;*******************************************************
                       ************************
  294 0000001C                 IF               :DEF:__MICROLIB
  295 0000001C         
  296 0000001C                 EXPORT           __initial_sp
  297 0000001C                 EXPORT           __heap_base
  298 0000001C                 EXPORT           __heap_limit
  299 0000001C         
  300 0000001C                 ELSE
  315                          ENDIF
  316 0000001C         
  317 0000001C                 END
              00000000 
              00000000 
Command Line: --debug --xref --diag_suppress=9931 --cpu=Cortex-M3 --apcs=interw
ork --depend=.\obj\startup_stm32l1xx_md.d -o.\obj\startup_stm32l1xx_md.o -IC:\U
sers\mp\Documents\GitHub\XRange\LoRaMac\Keil\XRange\ping-pong\RTE -IC:\Keil51\A
RM\PACK\Keil\STM32L1xx_DFP\1.0.2\Device\Include -IC:\Keil51\ARM\CMSIS\Include -
-predefine="__MICROLIB SETA 1" --predefine="__UVISION_VERSION SETA 514" --prede
fine="STM32L1XX_MD SETA 1" --list=.\lst\startup_stm32l1xx_md.lst ..\..\..\src\b
oards\LoRaMote\cmsis\arm-std\startup_stm32l1xx_md.s



ARM Macro Assembler    Page 1 Alphabetic symbol ordering
Relocatable symbols

STACK 00000000

Symbol: STACK
   Definitions
      At line 41 in file ..\..\..\src\boards\LoRaMote\cmsis\arm-std\startup_stm
32l1xx_md.s
   Uses
      None
Comment: STACK unused
Stack_Mem 00000000

Symbol: Stack_Mem
   Definitions
      At line 42 in file ..\..\..\src\boards\LoRaMote\cmsis\arm-std\startup_stm
32l1xx_md.s
   Uses
      None
Comment: Stack_Mem unused
__initial_sp 00000400

Symbol: __initial_sp
   Definitions
      At line 43 in file ..\..\..\src\boards\LoRaMote\cmsis\arm-std\startup_stm
32l1xx_md.s
   Uses
      At line 67 in file ..\..\..\src\boards\LoRaMote\cmsis\arm-std\startup_stm
32l1xx_md.s
      At line 296 in file ..\..\..\src\boards\LoRaMote\cmsis\arm-std\startup_st
m32l1xx_md.s

3 symbols



ARM Macro Assembler    Page 1 Alphabetic symbol ordering
Relocatable symbols

HEAP 00000000

Symbol: HEAP
   Definitions
      At line 52 in file ..\..\..\src\boards\LoRaMote\cmsis\arm-std\startup_stm
32l1xx_md.s
   Uses
      None
Comment: HEAP unused
Heap_Mem 00000000

Symbol: Heap_Mem
   Definitions
      At line 54 in file ..\..\..\src\boards\LoRaMote\cmsis\arm-std\startup_stm
32l1xx_md.s
   Uses
      None
Comment: Heap_Mem unused
__heap_base 00000000

Symbol: __heap_base
   Definitions
      At line 53 in file ..\..\..\src\boards\LoRaMote\cmsis\arm-std\startup_stm
32l1xx_md.s
   Uses
      At line 297 in file ..\..\..\src\boards\LoRaMote\cmsis\arm-std\startup_st
m32l1xx_md.s
Comment: __heap_base used once
__heap_limit 00000200

Symbol: __heap_limit
   Definitions
      At line 55 in file ..\..\..\src\boards\LoRaMote\cmsis\arm-std\startup_stm
32l1xx_md.s
   Uses
      At line 298 in file ..\..\..\src\boards\LoRaMote\cmsis\arm-std\startup_st
m32l1xx_md.s
Comment: __heap_limit used once
4 symbols



ARM Macro Assembler    Page 1 Alphabetic symbol ordering
Relocatable symbols

RESET 00000000

Symbol: RESET
   Definitions
      At line 62 in file ..\..\..\src\boards\LoRaMote\cmsis\arm-std\startup_stm
32l1xx_md.s
   Uses
      None
Comment: RESET unused
__Vectors 00000000

Symbol: __Vectors
   Definitions
      At line 67 in file ..\..\..\src\boards\LoRaMote\cmsis\arm-std\startup_stm
32l1xx_md.s
   Uses
      At line 63 in file ..\..\..\src\boards\LoRaMote\cmsis\arm-std\startup_stm
32l1xx_md.s
      At line 132 in file ..\..\..\src\boards\LoRaMote\cmsis\arm-std\startup_st
m32l1xx_md.s

__Vectors_End 000000F4

Symbol: __Vectors_End
   Definitions
      At line 130 in file ..\..\..\src\boards\LoRaMote\cmsis\arm-std\startup_st
m32l1xx_md.s
   Uses
      At line 64 in file ..\..\..\src\boards\LoRaMote\cmsis\arm-std\startup_stm
32l1xx_md.s
      At line 132 in file ..\..\..\src\boards\LoRaMote\cmsis\arm-std\startup_st
m32l1xx_md.s

3 symbols



ARM Macro Assembler    Page 1 Alphabetic symbol ordering
Relocatable symbols

.text 00000000

Symbol: .text
   Definitions
      At line 134 in file ..\..\..\src\boards\LoRaMote\cmsis\arm-std\startup_st
m32l1xx_md.s
   Uses
      None
Comment: .text unused
ADC1_IRQHandler 0000001A

Symbol: ADC1_IRQHandler
   Definitions
      At line 257 in file ..\..\..\src\boards\LoRaMote\cmsis\arm-std\startup_st
m32l1xx_md.s
   Uses
      At line 103 in file ..\..\..\src\boards\LoRaMote\cmsis\arm-std\startup_st
m32l1xx_md.s
      At line 211 in file ..\..\..\src\boards\LoRaMote\cmsis\arm-std\startup_st
m32l1xx_md.s

BusFault_Handler 0000000E

Symbol: BusFault_Handler
   Definitions
      At line 164 in file ..\..\..\src\boards\LoRaMote\cmsis\arm-std\startup_st
m32l1xx_md.s
   Uses
      At line 72 in file ..\..\..\src\boards\LoRaMote\cmsis\arm-std\startup_stm
32l1xx_md.s
      At line 165 in file ..\..\..\src\boards\LoRaMote\cmsis\arm-std\startup_st
m32l1xx_md.s

COMP_IRQHandler 0000001A

Symbol: COMP_IRQHandler
   Definitions
      At line 261 in file ..\..\..\src\boards\LoRaMote\cmsis\arm-std\startup_st
m32l1xx_md.s
   Uses
      At line 107 in file ..\..\..\src\boards\LoRaMote\cmsis\arm-std\startup_st
m32l1xx_md.s
      At line 215 in file ..\..\..\src\boards\LoRaMote\cmsis\arm-std\startup_st
m32l1xx_md.s

DAC_IRQHandler 0000001A

Symbol: DAC_IRQHandler
   Definitions
      At line 260 in file ..\..\..\src\boards\LoRaMote\cmsis\arm-std\startup_st
m32l1xx_md.s
   Uses
      At line 106 in file ..\..\..\src\boards\LoRaMote\cmsis\arm-std\startup_st
m32l1xx_md.s
      At line 214 in file ..\..\..\src\boards\LoRaMote\cmsis\arm-std\startup_st
m32l1xx_md.s

DMA1_Channel1_IRQHandler 0000001A




ARM Macro Assembler    Page 2 Alphabetic symbol ordering
Relocatable symbols

Symbol: DMA1_Channel1_IRQHandler
   Definitions
      At line 250 in file ..\..\..\src\boards\LoRaMote\cmsis\arm-std\startup_st
m32l1xx_md.s
   Uses
      At line 96 in file ..\..\..\src\boards\LoRaMote\cmsis\arm-std\startup_stm
32l1xx_md.s
      At line 204 in file ..\..\..\src\boards\LoRaMote\cmsis\arm-std\startup_st
m32l1xx_md.s

DMA1_Channel2_IRQHandler 0000001A

Symbol: DMA1_Channel2_IRQHandler
   Definitions
      At line 251 in file ..\..\..\src\boards\LoRaMote\cmsis\arm-std\startup_st
m32l1xx_md.s
   Uses
      At line 97 in file ..\..\..\src\boards\LoRaMote\cmsis\arm-std\startup_stm
32l1xx_md.s
      At line 205 in file ..\..\..\src\boards\LoRaMote\cmsis\arm-std\startup_st
m32l1xx_md.s

DMA1_Channel3_IRQHandler 0000001A

Symbol: DMA1_Channel3_IRQHandler
   Definitions
      At line 252 in file ..\..\..\src\boards\LoRaMote\cmsis\arm-std\startup_st
m32l1xx_md.s
   Uses
      At line 98 in file ..\..\..\src\boards\LoRaMote\cmsis\arm-std\startup_stm
32l1xx_md.s
      At line 206 in file ..\..\..\src\boards\LoRaMote\cmsis\arm-std\startup_st
m32l1xx_md.s

DMA1_Channel4_IRQHandler 0000001A

Symbol: DMA1_Channel4_IRQHandler
   Definitions
      At line 253 in file ..\..\..\src\boards\LoRaMote\cmsis\arm-std\startup_st
m32l1xx_md.s
   Uses
      At line 99 in file ..\..\..\src\boards\LoRaMote\cmsis\arm-std\startup_stm
32l1xx_md.s
      At line 207 in file ..\..\..\src\boards\LoRaMote\cmsis\arm-std\startup_st
m32l1xx_md.s

DMA1_Channel5_IRQHandler 0000001A

Symbol: DMA1_Channel5_IRQHandler
   Definitions
      At line 254 in file ..\..\..\src\boards\LoRaMote\cmsis\arm-std\startup_st
m32l1xx_md.s
   Uses
      At line 100 in file ..\..\..\src\boards\LoRaMote\cmsis\arm-std\startup_st
m32l1xx_md.s
      At line 208 in file ..\..\..\src\boards\LoRaMote\cmsis\arm-std\startup_st
m32l1xx_md.s

DMA1_Channel6_IRQHandler 0000001A



ARM Macro Assembler    Page 3 Alphabetic symbol ordering
Relocatable symbols


Symbol: DMA1_Channel6_IRQHandler
   Definitions
      At line 255 in file ..\..\..\src\boards\LoRaMote\cmsis\arm-std\startup_st
m32l1xx_md.s
   Uses
      At line 101 in file ..\..\..\src\boards\LoRaMote\cmsis\arm-std\startup_st
m32l1xx_md.s
      At line 209 in file ..\..\..\src\boards\LoRaMote\cmsis\arm-std\startup_st
m32l1xx_md.s

DMA1_Channel7_IRQHandler 0000001A

Symbol: DMA1_Channel7_IRQHandler
   Definitions
      At line 256 in file ..\..\..\src\boards\LoRaMote\cmsis\arm-std\startup_st
m32l1xx_md.s
   Uses
      At line 102 in file ..\..\..\src\boards\LoRaMote\cmsis\arm-std\startup_st
m32l1xx_md.s
      At line 210 in file ..\..\..\src\boards\LoRaMote\cmsis\arm-std\startup_st
m32l1xx_md.s

DebugMon_Handler 00000014

Symbol: DebugMon_Handler
   Definitions
      At line 178 in file ..\..\..\src\boards\LoRaMote\cmsis\arm-std\startup_st
m32l1xx_md.s
   Uses
      At line 79 in file ..\..\..\src\boards\LoRaMote\cmsis\arm-std\startup_stm
32l1xx_md.s
      At line 179 in file ..\..\..\src\boards\LoRaMote\cmsis\arm-std\startup_st
m32l1xx_md.s

Default_Handler 0000001A

Symbol: Default_Handler
   Definitions
      At line 191 in file ..\..\..\src\boards\LoRaMote\cmsis\arm-std\startup_st
m32l1xx_md.s
   Uses
      None
Comment: Default_Handler unused
EXTI0_IRQHandler 0000001A

Symbol: EXTI0_IRQHandler
   Definitions
      At line 245 in file ..\..\..\src\boards\LoRaMote\cmsis\arm-std\startup_st
m32l1xx_md.s
   Uses
      At line 91 in file ..\..\..\src\boards\LoRaMote\cmsis\arm-std\startup_stm
32l1xx_md.s
      At line 199 in file ..\..\..\src\boards\LoRaMote\cmsis\arm-std\startup_st
m32l1xx_md.s

EXTI15_10_IRQHandler 0000001A

Symbol: EXTI15_10_IRQHandler



ARM Macro Assembler    Page 4 Alphabetic symbol ordering
Relocatable symbols

   Definitions
      At line 279 in file ..\..\..\src\boards\LoRaMote\cmsis\arm-std\startup_st
m32l1xx_md.s
   Uses
      At line 125 in file ..\..\..\src\boards\LoRaMote\cmsis\arm-std\startup_st
m32l1xx_md.s
      At line 233 in file ..\..\..\src\boards\LoRaMote\cmsis\arm-std\startup_st
m32l1xx_md.s

EXTI1_IRQHandler 0000001A

Symbol: EXTI1_IRQHandler
   Definitions
      At line 246 in file ..\..\..\src\boards\LoRaMote\cmsis\arm-std\startup_st
m32l1xx_md.s
   Uses
      At line 92 in file ..\..\..\src\boards\LoRaMote\cmsis\arm-std\startup_stm
32l1xx_md.s
      At line 200 in file ..\..\..\src\boards\LoRaMote\cmsis\arm-std\startup_st
m32l1xx_md.s

EXTI2_IRQHandler 0000001A

Symbol: EXTI2_IRQHandler
   Definitions
      At line 247 in file ..\..\..\src\boards\LoRaMote\cmsis\arm-std\startup_st
m32l1xx_md.s
   Uses
      At line 93 in file ..\..\..\src\boards\LoRaMote\cmsis\arm-std\startup_stm
32l1xx_md.s
      At line 201 in file ..\..\..\src\boards\LoRaMote\cmsis\arm-std\startup_st
m32l1xx_md.s

EXTI3_IRQHandler 0000001A

Symbol: EXTI3_IRQHandler
   Definitions
      At line 248 in file ..\..\..\src\boards\LoRaMote\cmsis\arm-std\startup_st
m32l1xx_md.s
   Uses
      At line 94 in file ..\..\..\src\boards\LoRaMote\cmsis\arm-std\startup_stm
32l1xx_md.s
      At line 202 in file ..\..\..\src\boards\LoRaMote\cmsis\arm-std\startup_st
m32l1xx_md.s

EXTI4_IRQHandler 0000001A

Symbol: EXTI4_IRQHandler
   Definitions
      At line 249 in file ..\..\..\src\boards\LoRaMote\cmsis\arm-std\startup_st
m32l1xx_md.s
   Uses
      At line 95 in file ..\..\..\src\boards\LoRaMote\cmsis\arm-std\startup_stm
32l1xx_md.s
      At line 203 in file ..\..\..\src\boards\LoRaMote\cmsis\arm-std\startup_st
m32l1xx_md.s

EXTI9_5_IRQHandler 0000001A




ARM Macro Assembler    Page 5 Alphabetic symbol ordering
Relocatable symbols

Symbol: EXTI9_5_IRQHandler
   Definitions
      At line 262 in file ..\..\..\src\boards\LoRaMote\cmsis\arm-std\startup_st
m32l1xx_md.s
   Uses
      At line 108 in file ..\..\..\src\boards\LoRaMote\cmsis\arm-std\startup_st
m32l1xx_md.s
      At line 216 in file ..\..\..\src\boards\LoRaMote\cmsis\arm-std\startup_st
m32l1xx_md.s

FLASH_IRQHandler 0000001A

Symbol: FLASH_IRQHandler
   Definitions
      At line 243 in file ..\..\..\src\boards\LoRaMote\cmsis\arm-std\startup_st
m32l1xx_md.s
   Uses
      At line 89 in file ..\..\..\src\boards\LoRaMote\cmsis\arm-std\startup_stm
32l1xx_md.s
      At line 197 in file ..\..\..\src\boards\LoRaMote\cmsis\arm-std\startup_st
m32l1xx_md.s

HardFault_Handler 0000000A

Symbol: HardFault_Handler
   Definitions
      At line 154 in file ..\..\..\src\boards\LoRaMote\cmsis\arm-std\startup_st
m32l1xx_md.s
   Uses
      At line 70 in file ..\..\..\src\boards\LoRaMote\cmsis\arm-std\startup_stm
32l1xx_md.s
      At line 155 in file ..\..\..\src\boards\LoRaMote\cmsis\arm-std\startup_st
m32l1xx_md.s

I2C1_ER_IRQHandler 0000001A

Symbol: I2C1_ER_IRQHandler
   Definitions
      At line 271 in file ..\..\..\src\boards\LoRaMote\cmsis\arm-std\startup_st
m32l1xx_md.s
   Uses
      At line 117 in file ..\..\..\src\boards\LoRaMote\cmsis\arm-std\startup_st
m32l1xx_md.s
      At line 225 in file ..\..\..\src\boards\LoRaMote\cmsis\arm-std\startup_st
m32l1xx_md.s

I2C1_EV_IRQHandler 0000001A

Symbol: I2C1_EV_IRQHandler
   Definitions
      At line 270 in file ..\..\..\src\boards\LoRaMote\cmsis\arm-std\startup_st
m32l1xx_md.s
   Uses
      At line 116 in file ..\..\..\src\boards\LoRaMote\cmsis\arm-std\startup_st
m32l1xx_md.s
      At line 224 in file ..\..\..\src\boards\LoRaMote\cmsis\arm-std\startup_st
m32l1xx_md.s

I2C2_ER_IRQHandler 0000001A



ARM Macro Assembler    Page 6 Alphabetic symbol ordering
Relocatable symbols


Symbol: I2C2_ER_IRQHandler
   Definitions
      At line 273 in file ..\..\..\src\boards\LoRaMote\cmsis\arm-std\startup_st
m32l1xx_md.s
   Uses
      At line 119 in file ..\..\..\src\boards\LoRaMote\cmsis\arm-std\startup_st
m32l1xx_md.s
      At line 227 in file ..\..\..\src\boards\LoRaMote\cmsis\arm-std\startup_st
m32l1xx_md.s

I2C2_EV_IRQHandler 0000001A

Symbol: I2C2_EV_IRQHandler
   Definitions
      At line 272 in file ..\..\..\src\boards\LoRaMote\cmsis\arm-std\startup_st
m32l1xx_md.s
   Uses
      At line 118 in file ..\..\..\src\boards\LoRaMote\cmsis\arm-std\startup_st
m32l1xx_md.s
      At line 226 in file ..\..\..\src\boards\LoRaMote\cmsis\arm-std\startup_st
m32l1xx_md.s

LCD_IRQHandler 0000001A

Symbol: LCD_IRQHandler
   Definitions
      At line 263 in file ..\..\..\src\boards\LoRaMote\cmsis\arm-std\startup_st
m32l1xx_md.s
   Uses
      At line 109 in file ..\..\..\src\boards\LoRaMote\cmsis\arm-std\startup_st
m32l1xx_md.s
      At line 217 in file ..\..\..\src\boards\LoRaMote\cmsis\arm-std\startup_st
m32l1xx_md.s

MemManage_Handler 0000000C

Symbol: MemManage_Handler
   Definitions
      At line 159 in file ..\..\..\src\boards\LoRaMote\cmsis\arm-std\startup_st
m32l1xx_md.s
   Uses
      At line 71 in file ..\..\..\src\boards\LoRaMote\cmsis\arm-std\startup_stm
32l1xx_md.s
      At line 160 in file ..\..\..\src\boards\LoRaMote\cmsis\arm-std\startup_st
m32l1xx_md.s

NMI_Handler 00000008

Symbol: NMI_Handler
   Definitions
      At line 149 in file ..\..\..\src\boards\LoRaMote\cmsis\arm-std\startup_st
m32l1xx_md.s
   Uses
      At line 69 in file ..\..\..\src\boards\LoRaMote\cmsis\arm-std\startup_stm
32l1xx_md.s
      At line 150 in file ..\..\..\src\boards\LoRaMote\cmsis\arm-std\startup_st
m32l1xx_md.s




ARM Macro Assembler    Page 7 Alphabetic symbol ordering
Relocatable symbols

PVD_IRQHandler 0000001A

Symbol: PVD_IRQHandler
   Definitions
      At line 240 in file ..\..\..\src\boards\LoRaMote\cmsis\arm-std\startup_st
m32l1xx_md.s
   Uses
      At line 86 in file ..\..\..\src\boards\LoRaMote\cmsis\arm-std\startup_stm
32l1xx_md.s
      At line 194 in file ..\..\..\src\boards\LoRaMote\cmsis\arm-std\startup_st
m32l1xx_md.s

PendSV_Handler 00000016

Symbol: PendSV_Handler
   Definitions
      At line 182 in file ..\..\..\src\boards\LoRaMote\cmsis\arm-std\startup_st
m32l1xx_md.s
   Uses
      At line 81 in file ..\..\..\src\boards\LoRaMote\cmsis\arm-std\startup_stm
32l1xx_md.s
      At line 183 in file ..\..\..\src\boards\LoRaMote\cmsis\arm-std\startup_st
m32l1xx_md.s

RCC_IRQHandler 0000001A

Symbol: RCC_IRQHandler
   Definitions
      At line 244 in file ..\..\..\src\boards\LoRaMote\cmsis\arm-std\startup_st
m32l1xx_md.s
   Uses
      At line 90 in file ..\..\..\src\boards\LoRaMote\cmsis\arm-std\startup_stm
32l1xx_md.s
      At line 198 in file ..\..\..\src\boards\LoRaMote\cmsis\arm-std\startup_st
m32l1xx_md.s

RTC_Alarm_IRQHandler 0000001A

Symbol: RTC_Alarm_IRQHandler
   Definitions
      At line 280 in file ..\..\..\src\boards\LoRaMote\cmsis\arm-std\startup_st
m32l1xx_md.s
   Uses
      At line 126 in file ..\..\..\src\boards\LoRaMote\cmsis\arm-std\startup_st
m32l1xx_md.s
      At line 234 in file ..\..\..\src\boards\LoRaMote\cmsis\arm-std\startup_st
m32l1xx_md.s

RTC_WKUP_IRQHandler 0000001A

Symbol: RTC_WKUP_IRQHandler
   Definitions
      At line 242 in file ..\..\..\src\boards\LoRaMote\cmsis\arm-std\startup_st
m32l1xx_md.s
   Uses
      At line 88 in file ..\..\..\src\boards\LoRaMote\cmsis\arm-std\startup_stm
32l1xx_md.s
      At line 196 in file ..\..\..\src\boards\LoRaMote\cmsis\arm-std\startup_st
m32l1xx_md.s



ARM Macro Assembler    Page 8 Alphabetic symbol ordering
Relocatable symbols


Reset_Handler 00000000

Symbol: Reset_Handler
   Definitions
      At line 137 in file ..\..\..\src\boards\LoRaMote\cmsis\arm-std\startup_st
m32l1xx_md.s
   Uses
      At line 68 in file ..\..\..\src\boards\LoRaMote\cmsis\arm-std\startup_stm
32l1xx_md.s
      At line 138 in file ..\..\..\src\boards\LoRaMote\cmsis\arm-std\startup_st
m32l1xx_md.s

SPI1_IRQHandler 0000001A

Symbol: SPI1_IRQHandler
   Definitions
      At line 274 in file ..\..\..\src\boards\LoRaMote\cmsis\arm-std\startup_st
m32l1xx_md.s
   Uses
      At line 120 in file ..\..\..\src\boards\LoRaMote\cmsis\arm-std\startup_st
m32l1xx_md.s
      At line 228 in file ..\..\..\src\boards\LoRaMote\cmsis\arm-std\startup_st
m32l1xx_md.s

SPI2_IRQHandler 0000001A

Symbol: SPI2_IRQHandler
   Definitions
      At line 275 in file ..\..\..\src\boards\LoRaMote\cmsis\arm-std\startup_st
m32l1xx_md.s
   Uses
      At line 121 in file ..\..\..\src\boards\LoRaMote\cmsis\arm-std\startup_st
m32l1xx_md.s
      At line 229 in file ..\..\..\src\boards\LoRaMote\cmsis\arm-std\startup_st
m32l1xx_md.s

SVC_Handler 00000012

Symbol: SVC_Handler
   Definitions
      At line 173 in file ..\..\..\src\boards\LoRaMote\cmsis\arm-std\startup_st
m32l1xx_md.s
   Uses
      At line 78 in file ..\..\..\src\boards\LoRaMote\cmsis\arm-std\startup_stm
32l1xx_md.s
      At line 174 in file ..\..\..\src\boards\LoRaMote\cmsis\arm-std\startup_st
m32l1xx_md.s

SysTick_Handler 00000018

Symbol: SysTick_Handler
   Definitions
      At line 186 in file ..\..\..\src\boards\LoRaMote\cmsis\arm-std\startup_st
m32l1xx_md.s
   Uses
      At line 82 in file ..\..\..\src\boards\LoRaMote\cmsis\arm-std\startup_stm
32l1xx_md.s
      At line 187 in file ..\..\..\src\boards\LoRaMote\cmsis\arm-std\startup_st



ARM Macro Assembler    Page 9 Alphabetic symbol ordering
Relocatable symbols

m32l1xx_md.s

TAMPER_STAMP_IRQHandler 0000001A

Symbol: TAMPER_STAMP_IRQHandler
   Definitions
      At line 241 in file ..\..\..\src\boards\LoRaMote\cmsis\arm-std\startup_st
m32l1xx_md.s
   Uses
      At line 87 in file ..\..\..\src\boards\LoRaMote\cmsis\arm-std\startup_stm
32l1xx_md.s
      At line 195 in file ..\..\..\src\boards\LoRaMote\cmsis\arm-std\startup_st
m32l1xx_md.s

TIM10_IRQHandler 0000001A

Symbol: TIM10_IRQHandler
   Definitions
      At line 265 in file ..\..\..\src\boards\LoRaMote\cmsis\arm-std\startup_st
m32l1xx_md.s
   Uses
      At line 111 in file ..\..\..\src\boards\LoRaMote\cmsis\arm-std\startup_st
m32l1xx_md.s
      At line 219 in file ..\..\..\src\boards\LoRaMote\cmsis\arm-std\startup_st
m32l1xx_md.s

TIM11_IRQHandler 0000001A

Symbol: TIM11_IRQHandler
   Definitions
      At line 266 in file ..\..\..\src\boards\LoRaMote\cmsis\arm-std\startup_st
m32l1xx_md.s
   Uses
      At line 112 in file ..\..\..\src\boards\LoRaMote\cmsis\arm-std\startup_st
m32l1xx_md.s
      At line 220 in file ..\..\..\src\boards\LoRaMote\cmsis\arm-std\startup_st
m32l1xx_md.s

TIM2_IRQHandler 0000001A

Symbol: TIM2_IRQHandler
   Definitions
      At line 267 in file ..\..\..\src\boards\LoRaMote\cmsis\arm-std\startup_st
m32l1xx_md.s
   Uses
      At line 113 in file ..\..\..\src\boards\LoRaMote\cmsis\arm-std\startup_st
m32l1xx_md.s
      At line 221 in file ..\..\..\src\boards\LoRaMote\cmsis\arm-std\startup_st
m32l1xx_md.s

TIM3_IRQHandler 0000001A

Symbol: TIM3_IRQHandler
   Definitions
      At line 268 in file ..\..\..\src\boards\LoRaMote\cmsis\arm-std\startup_st
m32l1xx_md.s
   Uses
      At line 114 in file ..\..\..\src\boards\LoRaMote\cmsis\arm-std\startup_st
m32l1xx_md.s



ARM Macro Assembler    Page 10 Alphabetic symbol ordering
Relocatable symbols

      At line 222 in file ..\..\..\src\boards\LoRaMote\cmsis\arm-std\startup_st
m32l1xx_md.s

TIM4_IRQHandler 0000001A

Symbol: TIM4_IRQHandler
   Definitions
      At line 269 in file ..\..\..\src\boards\LoRaMote\cmsis\arm-std\startup_st
m32l1xx_md.s
   Uses
      At line 115 in file ..\..\..\src\boards\LoRaMote\cmsis\arm-std\startup_st
m32l1xx_md.s
      At line 223 in file ..\..\..\src\boards\LoRaMote\cmsis\arm-std\startup_st
m32l1xx_md.s

TIM6_IRQHandler 0000001A

Symbol: TIM6_IRQHandler
   Definitions
      At line 282 in file ..\..\..\src\boards\LoRaMote\cmsis\arm-std\startup_st
m32l1xx_md.s
   Uses
      At line 128 in file ..\..\..\src\boards\LoRaMote\cmsis\arm-std\startup_st
m32l1xx_md.s
      At line 236 in file ..\..\..\src\boards\LoRaMote\cmsis\arm-std\startup_st
m32l1xx_md.s

TIM7_IRQHandler 0000001A

Symbol: TIM7_IRQHandler
   Definitions
      At line 283 in file ..\..\..\src\boards\LoRaMote\cmsis\arm-std\startup_st
m32l1xx_md.s
   Uses
      At line 129 in file ..\..\..\src\boards\LoRaMote\cmsis\arm-std\startup_st
m32l1xx_md.s
      At line 237 in file ..\..\..\src\boards\LoRaMote\cmsis\arm-std\startup_st
m32l1xx_md.s

TIM9_IRQHandler 0000001A

Symbol: TIM9_IRQHandler
   Definitions
      At line 264 in file ..\..\..\src\boards\LoRaMote\cmsis\arm-std\startup_st
m32l1xx_md.s
   Uses
      At line 110 in file ..\..\..\src\boards\LoRaMote\cmsis\arm-std\startup_st
m32l1xx_md.s
      At line 218 in file ..\..\..\src\boards\LoRaMote\cmsis\arm-std\startup_st
m32l1xx_md.s

USART1_IRQHandler 0000001A

Symbol: USART1_IRQHandler
   Definitions
      At line 276 in file ..\..\..\src\boards\LoRaMote\cmsis\arm-std\startup_st
m32l1xx_md.s
   Uses
      At line 122 in file ..\..\..\src\boards\LoRaMote\cmsis\arm-std\startup_st



ARM Macro Assembler    Page 11 Alphabetic symbol ordering
Relocatable symbols

m32l1xx_md.s
      At line 230 in file ..\..\..\src\boards\LoRaMote\cmsis\arm-std\startup_st
m32l1xx_md.s

USART2_IRQHandler 0000001A

Symbol: USART2_IRQHandler
   Definitions
      At line 277 in file ..\..\..\src\boards\LoRaMote\cmsis\arm-std\startup_st
m32l1xx_md.s
   Uses
      At line 123 in file ..\..\..\src\boards\LoRaMote\cmsis\arm-std\startup_st
m32l1xx_md.s
      At line 231 in file ..\..\..\src\boards\LoRaMote\cmsis\arm-std\startup_st
m32l1xx_md.s

USART3_IRQHandler 0000001A

Symbol: USART3_IRQHandler
   Definitions
      At line 278 in file ..\..\..\src\boards\LoRaMote\cmsis\arm-std\startup_st
m32l1xx_md.s
   Uses
      At line 124 in file ..\..\..\src\boards\LoRaMote\cmsis\arm-std\startup_st
m32l1xx_md.s
      At line 232 in file ..\..\..\src\boards\LoRaMote\cmsis\arm-std\startup_st
m32l1xx_md.s

USB_FS_WKUP_IRQHandler 0000001A

Symbol: USB_FS_WKUP_IRQHandler
   Definitions
      At line 281 in file ..\..\..\src\boards\LoRaMote\cmsis\arm-std\startup_st
m32l1xx_md.s
   Uses
      At line 127 in file ..\..\..\src\boards\LoRaMote\cmsis\arm-std\startup_st
m32l1xx_md.s
      At line 235 in file ..\..\..\src\boards\LoRaMote\cmsis\arm-std\startup_st
m32l1xx_md.s

USB_HP_IRQHandler 0000001A

Symbol: USB_HP_IRQHandler
   Definitions
      At line 258 in file ..\..\..\src\boards\LoRaMote\cmsis\arm-std\startup_st
m32l1xx_md.s
   Uses
      At line 104 in file ..\..\..\src\boards\LoRaMote\cmsis\arm-std\startup_st
m32l1xx_md.s
      At line 212 in file ..\..\..\src\boards\LoRaMote\cmsis\arm-std\startup_st
m32l1xx_md.s

USB_LP_IRQHandler 0000001A

Symbol: USB_LP_IRQHandler
   Definitions
      At line 259 in file ..\..\..\src\boards\LoRaMote\cmsis\arm-std\startup_st
m32l1xx_md.s
   Uses



ARM Macro Assembler    Page 12 Alphabetic symbol ordering
Relocatable symbols

      At line 105 in file ..\..\..\src\boards\LoRaMote\cmsis\arm-std\startup_st
m32l1xx_md.s
      At line 213 in file ..\..\..\src\boards\LoRaMote\cmsis\arm-std\startup_st
m32l1xx_md.s

UsageFault_Handler 00000010

Symbol: UsageFault_Handler
   Definitions
      At line 169 in file ..\..\..\src\boards\LoRaMote\cmsis\arm-std\startup_st
m32l1xx_md.s
   Uses
      At line 73 in file ..\..\..\src\boards\LoRaMote\cmsis\arm-std\startup_stm
32l1xx_md.s
      At line 170 in file ..\..\..\src\boards\LoRaMote\cmsis\arm-std\startup_st
m32l1xx_md.s

WWDG_IRQHandler 0000001A

Symbol: WWDG_IRQHandler
   Definitions
      At line 239 in file ..\..\..\src\boards\LoRaMote\cmsis\arm-std\startup_st
m32l1xx_md.s
   Uses
      At line 85 in file ..\..\..\src\boards\LoRaMote\cmsis\arm-std\startup_stm
32l1xx_md.s
      At line 193 in file ..\..\..\src\boards\LoRaMote\cmsis\arm-std\startup_st
m32l1xx_md.s

57 symbols



ARM Macro Assembler    Page 1 Alphabetic symbol ordering
Absolute symbols

Heap_Size 00000200

Symbol: Heap_Size
   Definitions
      At line 50 in file ..\..\..\src\boards\LoRaMote\cmsis\arm-std\startup_stm
32l1xx_md.s
   Uses
      At line 54 in file ..\..\..\src\boards\LoRaMote\cmsis\arm-std\startup_stm
32l1xx_md.s
Comment: Heap_Size used once
Stack_Size 00000400

Symbol: Stack_Size
   Definitions
      At line 39 in file ..\..\..\src\boards\LoRaMote\cmsis\arm-std\startup_stm
32l1xx_md.s
   Uses
      At line 42 in file ..\..\..\src\boards\LoRaMote\cmsis\arm-std\startup_stm
32l1xx_md.s
Comment: Stack_Size used once
__Vectors_Size 000000F4

Symbol: __Vectors_Size
   Definitions
      At line 132 in file ..\..\..\src\boards\LoRaMote\cmsis\arm-std\startup_st
m32l1xx_md.s
   Uses
      At line 65 in file ..\..\..\src\boards\LoRaMote\cmsis\arm-std\startup_stm
32l1xx_md.s
Comment: __Vectors_Size used once
3 symbols



ARM Macro Assembler    Page 1 Alphabetic symbol ordering
External symbols

SystemInit 00000000

Symbol: SystemInit
   Definitions
      At line 140 in file ..\..\..\src\boards\LoRaMote\cmsis\arm-std\startup_st
m32l1xx_md.s
   Uses
      At line 141 in file ..\..\..\src\boards\LoRaMote\cmsis\arm-std\startup_st
m32l1xx_md.s
Comment: SystemInit used once
__main 00000000

Symbol: __main
   Definitions
      At line 139 in file ..\..\..\src\boards\LoRaMote\cmsis\arm-std\startup_st
m32l1xx_md.s
   Uses
      At line 143 in file ..\..\..\src\boards\LoRaMote\cmsis\arm-std\startup_st
m32l1xx_md.s
Comment: __main used once
2 symbols
407 symbols in table
